parse source code...
parse_source_start_time:   2020-06-16 06:15:41.714566
         0                                                  1   2
0        0  int main()\n{\n    int n,a[20000];\n    int co...  13
1        1  struct score\n{\n\tint num;\n\tint yuwen;\n\ti...  14
2        2  int main(){\n\tdouble n,m;\n\tint i,a,b,c,d,e;...   5
3        3  int main()\n{\n\tdouble per;\n\tdouble SUM,sum...   5
4        4  int main(){\n    int k,m,n,i,j,a,b,sz[100][100...   6
...    ...                                                ...  ..
7495  7495  int main()\n{\n\tdouble n,t=0;\n\tint i,j;\n\t...   5
7496  7496  struct  book  \n{\n    int  num;\n    char  na...   2
7497  7497  int main()\n{\n\tint n;\n\tint i,j,flag;\n\tin...  13
7498  7498  int main()\n{\nint n,a[200000],i,j,b,c[101];\n...  13
7499  7499  \nint main()\n{\n\tchar a[256],b[256],c[256];\...   7

[7500 rows x 3 columns]
parse_source_end_time:   2020-06-16 06:16:35.202788
parse_source_during_time 53.49 
read id pairs...
split data...
train word embedding...
pairs:          id1   id2  label
0      6430  2949      0
1       941  3900      0
2      7089  3535      0
3      5877   663      0
4      5372  7270      0
...     ...   ...    ...
49995  1737   549      1
49996  1436  5291      0
49997   121  2502      0
49998  7148   335      0
49999  2240  7181      1

[50000 rows x 3 columns]
trees:          id                                               code  label
id                                                                  
6430  6430  <pycparser.c_ast.FileAST object at 0x7f8a9b8a7...      9
941    941  <pycparser.c_ast.FileAST object at 0x7f8aa50f2...      7
7089  7089  <pycparser.c_ast.FileAST object at 0x7f8a9a675...      7
5877  5877  <pycparser.c_ast.FileAST object at 0x7f8a9c8c3...      9
5372  5372  <pycparser.c_ast.FileAST object at 0x7f8a9d673...     14
...    ...                                                ...    ...
507    507  <pycparser.c_ast.FileAST object at 0x7f8aa5c9e...     15
797    797  <pycparser.c_ast.FileAST object at 0x7f8aa54be...     15
5726  5726  <pycparser.c_ast.FileAST object at 0x7f8a9ccb1...     10
2970  2970  <pycparser.c_ast.FileAST object at 0x7f8aa18f1...     15
1536  1536  <pycparser.c_ast.FileAST object at 0x7f8aa4015...     13

[7500 rows x 3 columns]
generate block sequences...
generate_block_seqs_start_time:   2020-06-16 06:16:50.966134
cxy blocks len: 7500
generate_block_seqs_end_time:   2020-06-16 06:16:58.887366
generate_block_seqs_during_time 7.92 
merge pairs and blocks...
cxy merge read pairs len: 50000
cxy merge after pairs len: 50000
cxy merge blocks len: 50000
cxy final df len: 50000
cxy merge read pairs len: 16667
cxy merge after pairs len: 16667
cxy merge blocks len: 16667
cxy final df len: 16667
cxy merge read pairs len: 20000
cxy merge after pairs len: 20000
cxy merge blocks len: 20000
cxy final df len: 20000
