parse source code...
parse_source_start_time:   2020-06-12 20:49:32.612811
         0                                                  1   2
0        0  struct ren\n{\n\tchar id[12];\n\tint ye;\n\tst...   9
1        1  int main()\n{\n    int n;\n    scanf("%d",&n);...  15
2        2  int main()\n{\n\tint m,n,s,i,j,a[100][100],p,q...   4
3        3  int main()\n{\t\n\tdouble n;\n\tscanf("%lf",&n...   5
4        4  int main(){\n\tint n,k,a[1000],i,x,s;\n\ts=1;\...   3
...    ...                                                ...  ..
7495  7495  int main()\n{\n\tint n,k,a[1000],i,b[1000],j,c...   3
7496  7496  char str[256],sub[256],repl[256];\nint i=0,j=0...   7
7497  7497  int main()\n{\nint i,j,n,k,a=0;\nscanf("%d",&n...   3
7498  7498  int main()\n{\n\tint a,b,c,n;\n\tscanf("%d%d%d...  11
7499  7499  int main()\n{\n\tint n,k,i,j,sz[1000],m;\n\tsc...   3

[7500 rows x 3 columns]
parse_source_end_time:   2020-06-12 20:50:20.659904
parse_source_during_time 48.05 
read id pairs...
split data...
train word embedding...
pairs:          id1   id2  label
0      5120  1846      0
1      4558  6951      1
2      1638  2772      1
3      1745  7052      0
4      2381  7023      0
...     ...   ...    ...
89995  7492  6212      0
89996  5507  2912      0
89997  2183  2668      0
89998  5469  7273      0
89999  1403  3710      0

[90000 rows x 3 columns]
trees:          id                                               code  label
id                                                                  
5120  5120  <pycparser.c_ast.FileAST object at 0x7f94b4914...      6
4558  4558  <pycparser.c_ast.FileAST object at 0x7f94b58fb...     15
1638  1638  <pycparser.c_ast.FileAST object at 0x7f94baa3f...      9
1745  1745  <pycparser.c_ast.FileAST object at 0x7f94ba757...      6
2381  2381  <pycparser.c_ast.FileAST object at 0x7f94b94ed...      1
...    ...                                                ...    ...
4464  4464  <pycparser.c_ast.FileAST object at 0x7f94b5b7c...     14
1416  1416  <pycparser.c_ast.FileAST object at 0x7f94bb081...     12
7208  7208  <pycparser.c_ast.FileAST object at 0x7f94b0f54...     15
4199  4199  <pycparser.c_ast.FileAST object at 0x7f94b62bc...     14
1642  1642  <pycparser.c_ast.FileAST object at 0x7f94baa59...     15

[7500 rows x 3 columns]
generate block sequences...
generate_block_seqs_start_time:   2020-06-12 20:50:35.178595
cxy blocks len: 7500
generate_block_seqs_end_time:   2020-06-12 20:50:43.333075
generate_block_seqs_during_time 8.15 
merge pairs and blocks...
cxy merge read pairs len: 90000
cxy merge after pairs len: 90000
cxy merge blocks len: 90000
cxy final df len: 90000
cxy merge read pairs len: 30000
cxy merge after pairs len: 30000
cxy merge blocks len: 30000
cxy final df len: 30000
cxy merge read pairs len: 20000
cxy merge after pairs len: 20000
cxy merge blocks len: 20000
cxy final df len: 20000
