parse source code...
parse_source_start_time:   2020-06-11 10:37:58.506762
         0                                                  1   2
0        0  int sum;\nint yin(int c,int g)\n{\n    int j,k...   1
1        1  int main()\n{\n\tint n,j,i,count,key;\n\tscanf...  15
2        2  int main()\n{\n\tint n;\n\tint num[30];\n\tint...  10
3        3  int main (){\n\tint n ,k,i,j,count=0,fx,fy,lx,...  15
4        4  int su(int input)\n{\n\tint ju=1;\n\tfor(int i...   1
...    ...                                                ...  ..
7495  7495  int l=0,num=0,o;\nvoid f(int i,int in)\n{\n   ...   1
7496  7496  \n\n\n\n\nint f(int x,int y)\n{\n\tint i,a=1;\...   1
7497  7497  \nstruct list\n{\n\tint num;\n\tchar author[26...   2
7498  7498  int main ()\n{\n int a,b,c;\n scanf("%d%d%d",&...  11
7499  7499  int main()\n{\n\tint n,a[20000], i, j, flag, g...  13

[7500 rows x 3 columns]
parse_source_end_time:   2020-06-11 10:38:42.400089
parse_source_during_time 43.89 
read id pairs...
split data...
train word embedding...
pairs:          id1   id2  label
0      6388  4499      0
1      4288  7322      0
2      1575  7433      0
3      5710  5113      0
4      2469  4274      0
...     ...   ...    ...
19995  3509  2231      0
19996  4999  3708      0
19997  1352  2111      0
19998  2882  1669      0
19999  5245  1173      1

[20000 rows x 3 columns]
trees:          id                                               code  label
id                                                                  
6388  6388  <pycparser.c_ast.FileAST object at 0x7fa7d27b7...      2
4288  4288  <pycparser.c_ast.FileAST object at 0x7fa7d6208...      8
1575  1575  <pycparser.c_ast.FileAST object at 0x7fa7dae26...     10
5710  5710  <pycparser.c_ast.FileAST object at 0x7fa7d3a88...      4
2469  2469  <pycparser.c_ast.FileAST object at 0x7fa7d94b2...      2
...    ...                                                ...    ...
198    198  <pycparser.c_ast.FileAST object at 0x7fa7dd41d...      8
5555  5555  <pycparser.c_ast.FileAST object at 0x7fa7d3ec4...     10
6003  6003  <pycparser.c_ast.FileAST object at 0x7fa7d3295...      5
4969  4969  <pycparser.c_ast.FileAST object at 0x7fa7d4f6b...     10
1514  1514  <pycparser.c_ast.FileAST object at 0x7fa7daf7e...     10

[7471 rows x 3 columns]
generate block sequences...
generate_block_seqs_start_time:   2020-06-11 10:38:55.707434
cxy blocks len: 7500
generate_block_seqs_end_time:   2020-06-11 10:39:03.312440
generate_block_seqs_during_time 7.60 
merge pairs and blocks...
cxy merge read pairs len: 20000
cxy merge after pairs len: 20000
cxy merge blocks len: 20000
cxy final df len: 20000
cxy merge read pairs len: 6667
cxy merge after pairs len: 6667
cxy merge blocks len: 6667
cxy final df len: 6667
cxy merge read pairs len: 20000
cxy merge after pairs len: 20000
cxy merge blocks len: 20000
cxy final df len: 20000
