parse source code...
parse_source_start_time:   2020-06-11 04:00:09.249540
         0                                                  1   2
0        0  int main () {\nint l1,l2,s=0;\ndouble r,d;\nch...   5
1        1  int k[26][2];\nint main(){\n    int i, j, n, m...  10
2        2  int main()\n{\n\tint a[100][100],i,j,k,sum,row...   4
3        3  int A,B;\nint a[250],b[250],c[501];\nvoid inpu...   8
4        4  int main()\n{\n int w=0,g=0;\n double n;\n cha...   5
...    ...                                                ...  ..
7494  7494  \nint main()\n{\n\tint row=0,col=0,i=0,j=0;\n\...   4
7495  7495  void main()\n{\n  int n,i1,j1,i2,j2,i,j,t,a[10...  15
7496  7496  int sum=0;                             \nvoid ...   1
7497  7497  main()\n{\n    int n,i,j,flag=1;\n    int a[10...  15
7498  7498  \n\n\n\n\nint f(int x,int y)\n{\n\tint i,a=1;\...   1

[7499 rows x 3 columns]
parse_source_end_time:   2020-06-11 04:00:53.441690
parse_source_during_time 44.19 
read id pairs...
split data...
train word embedding...
pairs:         id1   id2  label
0     5577  5507      0
1     1126  7170      0
2      277   417      0
3      536  5711      0
4     2399  3183      0
...    ...   ...    ...
9995  3632   503      0
9996  5630  1454      0
9997  6552  3739      0
9998  3204  4969      0
9999  5049  7128      0

[10000 rows x 3 columns]
trees:          id                                               code  label
id                                                                  
5577  5577  <pycparser.c_ast.FileAST object at 0x7f3d6c591...      4
1126  1126  <pycparser.c_ast.FileAST object at 0x7f3d74113...      6
277    277  <pycparser.c_ast.FileAST object at 0x7f3d758cd...     11
536    536  <pycparser.c_ast.FileAST object at 0x7f3d75148...      6
2399  2399  <pycparser.c_ast.FileAST object at 0x7f3d71e14...      1
...    ...                                                ...    ...
4847  4847  <pycparser.c_ast.FileAST object at 0x7f3d6da0f...     14
810    810  <pycparser.c_ast.FileAST object at 0x7f3d749cb...      9
2017  2017  <pycparser.c_ast.FileAST object at 0x7f3d728c3...     13
3286  3286  <pycparser.c_ast.FileAST object at 0x7f3d705b6...     14
7128  7128  <pycparser.c_ast.FileAST object at 0x7f3d69af9...     13

[6986 rows x 3 columns]
generate block sequences...
generate_block_seqs_start_time:   2020-06-11 04:01:07.648882
cxy blocks len: 7499
generate_block_seqs_end_time:   2020-06-11 04:01:14.946119
generate_block_seqs_during_time 7.30 
merge pairs and blocks...
cxy merge read pairs len: 10000
cxy merge after pairs len: 10000
cxy merge blocks len: 10000
cxy final df len: 10000
cxy merge read pairs len: 3333
cxy merge after pairs len: 3333
cxy merge blocks len: 3333
cxy final df len: 3333
cxy merge read pairs len: 20000
cxy merge after pairs len: 20000
cxy merge blocks len: 20000
cxy final df len: 20000
